0: Distributed data parallel: nccl master at 127.0.0.1:8889
INFO (rank 0): trainset,valset,testset size: 22199 4757 4757
0: Using GPU
0: Using GPU
0: Epoch: 00, Train Loss: 9106693.00000000, Val Loss: 334315264.00000000, Test Loss: 226454.78125000
0: Tasks Loss: [22331450.0, 4988607.0, 1.241002082824707]
0: Epoch: 01, Train Loss: 9264232.00000000, Val Loss: 141933040.00000000, Test Loss: 216658.42187500
0: Tasks Loss: [22543482.0, 5249201.0, 1.2204831838607788]
0: Epoch: 02, Train Loss: 7476223.50000000, Val Loss: 240906112.00000000, Test Loss: 229905.81250000
0: Tasks Loss: [18410782.0, 4017896.75, 1.2433254718780518]
0: Epoch: 03, Train Loss: 6772803.00000000, Val Loss: 134172344.00000000, Test Loss: 216004.76562500
0: Tasks Loss: [16867628.0, 3450792.5, 1.250598430633545]
0: Epoch: 04, Train Loss: 9124415.00000000, Val Loss: 150388080.00000000, Test Loss: 276628.93750000
0: Tasks Loss: [22363722.0, 5009528.5, 1.2281601428985596]
0: Epoch: 05, Train Loss: 9000932.00000000, Val Loss: 128868656.00000000, Test Loss: 247386.96875000
0: Tasks Loss: [21955978.0, 5046814.0, 1.2301734685897827]
0: Epoch: 06, Train Loss: 8274494.00000000, Val Loss: 115086848.00000000, Test Loss: 219217.98437500
0: Tasks Loss: [20300940.0, 4522538.0, 1.243003010749817]
0: Epoch: 07, Train Loss: 7332233.50000000, Val Loss: 303033728.00000000, Test Loss: 168580.35937500
0: Tasks Loss: [18090614.0, 3906082.25, 1.2431464195251465]
0: Epoch: 08, Train Loss: 7453946.00000000, Val Loss: 315874400.00000000, Test Loss: 166069.81250000
0: Tasks Loss: [18334974.0, 4026858.0, 1.244348168373108]
0: Epoch: 09, Train Loss: 9204656.00000000, Val Loss: 275693504.00000000, Test Loss: 186034.35937500
0: Tasks Loss: [22304330.0, 5309628.5, 1.2279376983642578]
0: Process 0 - Local timer:  train_validate_test  :  2381.42
0: Process 0 - Local timer:  create_model  :  0.06
0: Process 0 - Local timer:  load_data  :  0.0
0: Number of calls to timers: 
0: {'load_data': 1, 'create_model': 1, 'train_validate_test': 1}
Logging set up
Zeolite dataset loaded
31713 22199 4757 4757
